<?xml version="1.0" encoding="UTF-8" ?>
<testsuite tests="1" failures="0" name="ua.com.testClases.SecurityConfigTest" time="0" errors="1" skipped="0">
  <properties>
[...]
</properties>
  <testcase classname="ua.com.testClases.SecurityConfigTest" name="acessToSecuredPage" time="0">
    <error message="Unable to create SecurityContext using @org.springframework.security.test.context.support.WithUserDetails(value=detailsService, userDetailsServiceBeanName=)" type="java.lang.IllegalStateException">java.lang.IllegalStateException: Unable to create SecurityContext using @org.springframework.security.test.context.support.WithUserDetails(value=detailsService, userDetailsServiceBeanName=)
	at org.springframework.security.test.context.support.WithSecurityContextTestExecutionListener.createSecurityContext(WithSecurityContextTestExecutionListener.java:99)
	at org.springframework.security.test.context.support.WithSecurityContextTestExecutionListener.createSecurityContext(WithSecurityContextTestExecutionListener.java:72)
	at org.springframework.security.test.context.support.WithSecurityContextTestExecutionListener.beforeTestMethod(WithSecurityContextTestExecutionListener.java:57)
	at org.springframework.test.context.TestContextManager.beforeTestMethod(TestContextManager.java:269)
	at org.springframework.test.context.junit4.statements.RunBeforeTestMethodCallbacks.evaluate(RunBeforeTestMethodCallbacks.java:74)
	at org.springframework.test.context.junit4.statements.RunAfterTestMethodCallbacks.evaluate(RunAfterTestMethodCallbacks.java:86)
	at org.springframework.test.context.junit4.statements.SpringRepeat.evaluate(SpringRepeat.java:84)
	at org.junit.runners.ParentRunner.runLeaf(ParentRunner.java:325)
	at org.springframework.test.context.junit4.SpringJUnit4ClassRunner.runChild(SpringJUnit4ClassRunner.java:252)
	at org.springframework.test.context.junit4.SpringJUnit4ClassRunner.runChild(SpringJUnit4ClassRunner.java:94)
	at org.junit.runners.ParentRunner$3.run(ParentRunner.java:290)
	at org.junit.runners.ParentRunner$1.schedule(ParentRunner.java:71)
	at org.junit.runners.ParentRunner.runChildren(ParentRunner.java:288)
	at org.junit.runners.ParentRunner.access$000(ParentRunner.java:58)
	at org.junit.runners.ParentRunner$2.evaluate(ParentRunner.java:268)
	at org.springframework.test.context.junit4.statements.RunBeforeTestClassCallbacks.evaluate(RunBeforeTestClassCallbacks.java:61)
	at org.springframework.test.context.junit4.statements.RunAfterTestClassCallbacks.evaluate(RunAfterTestClassCallbacks.java:70)
	at org.junit.runners.ParentRunner.run(ParentRunner.java:363)
	at org.springframework.test.context.junit4.SpringJUnit4ClassRunner.run(SpringJUnit4ClassRunner.java:191)
	at org.apache.maven.surefire.junit4.JUnit4Provider.execute(JUnit4Provider.java:252)
	at org.apache.maven.surefire.junit4.JUnit4Provider.executeTestSet(JUnit4Provider.java:141)
	at org.apache.maven.surefire.junit4.JUnit4Provider.invoke(JUnit4Provider.java:112)
	at sun.reflect.NativeMethodAccessorImpl.invoke0(Native Method)
	at sun.reflect.NativeMethodAccessorImpl.invoke(NativeMethodAccessorImpl.java:62)
	at sun.reflect.DelegatingMethodAccessorImpl.invoke(DelegatingMethodAccessorImpl.java:43)
	at java.lang.reflect.Method.invoke(Method.java:498)
	at org.apache.maven.surefire.util.ReflectionUtils.invokeMethodWithArray(ReflectionUtils.java:189)
	at org.apache.maven.surefire.booter.ProviderFactory$ProviderProxy.invoke(ProviderFactory.java:165)
	at org.apache.maven.surefire.booter.ProviderFactory.invokeProvider(ProviderFactory.java:85)
	at org.apache.maven.surefire.booter.ForkedBooter.runSuitesInProcess(ForkedBooter.java:115)
	at org.apache.maven.surefire.booter.ForkedBooter.main(ForkedBooter.java:75)
Caused by: org.springframework.security.core.userdetails.UsernameNotFoundException: no user find with detailsService
	at ua.com.oauthLoginTry2.serviceImpl.CustomUserDetailService.loadUserByUsername(CustomUserDetailService.java:22)
	at org.springframework.security.test.context.support.WithUserDetailsSecurityContextFactory.createSecurityContext(WithUserDetailsSecurityContextFactory.java:56)
	at org.springframework.security.test.context.support.WithUserDetailsSecurityContextFactory.createSecurityContext(WithUserDetailsSecurityContextFactory.java:39)
	at org.springframework.security.test.context.support.WithSecurityContextTestExecutionListener.createSecurityContext(WithSecurityContextTestExecutionListener.java:96)
	... 30 more
</error>
    <system-out>Hibernate: alter table CustomUserDetails add constraint FK1pkej4j5qyhaxr0dogscjmjki foreign key (person_pId) references Person (pId)
Hibernate: alter table Person_roles add constraint FK6y1yhc59dvchgrapu6t0q142y foreign key (Person_pId) references Person (pId)
Hibernate: select person0_.pId as pId1_1_, person0_.email as email2_1_, person0_.name as name3_1_, person0_.password as password4_1_ from Person person0_ where person0_.email=?
</system-out>
    <system-err>���. 06, 2018 3:38:40 PM org.hibernate.jpa.internal.util.LogHelper logPersistenceUnitInformation
INFO: HHH000204: Processing PersistenceUnitInfo [
	name: default
	...]
���. 06, 2018 3:38:40 PM org.hibernate.dialect.Dialect &lt;init&gt;
INFO: HHH000400: Using dialect: org.hibernate.dialect.MySQL5Dialect
���. 06, 2018 3:38:40 PM org.hibernate.hql.internal.QueryTranslatorFactoryInitiator initiateService
INFO: HHH000397: Using ASTQueryTranslatorFactory
</system-err>
  </testcase>
</testsuite>